2025-06-09 06:28:24 INFO  TC_AccountRegistraionTest_TC001:17 - Test case TC_AccountRegistraionTest_TC001 starting....
2025-06-09 06:28:24 INFO  TC_AccountRegistraionTest_TC001:20 - MyAccount is clicked.....
2025-06-09 06:28:27 INFO  TC_AccountRegistraionTest_TC001:23 - Register link clicked......
2025-06-09 06:28:27 INFO  TC_AccountRegistraionTest_TC001:25 - Customers details provided........
2025-06-09 06:28:29 INFO  TC_AccountRegistraionTest_TC001:34 - confirm button clicked
2025-06-09 06:28:29 INFO  TC_AccountRegistraionTest_TC001:57 - Test case TC_AccountRegistraionTest_TC001 completed
2025-06-09 06:28:40 INFO  TC_LoginTest_TC002:22 - ********Starting a test case*********
2025-06-09 06:28:44 INFO  TC_LoginTest_TC002:42 - ********Finished a test case*********
2025-06-09 10:00:37 INFO  TC_AccountRegistraionTest_TC001:17 - Test case TC_AccountRegistraionTest_TC001 starting....
2025-06-09 10:00:37 INFO  TC_AccountRegistraionTest_TC001:20 - MyAccount is clicked.....
2025-06-09 10:00:39 INFO  TC_AccountRegistraionTest_TC001:23 - Register link clicked......
2025-06-09 10:00:39 INFO  TC_AccountRegistraionTest_TC001:25 - Customers details provided........
2025-06-09 10:00:41 INFO  TC_AccountRegistraionTest_TC001:34 - confirm button clicked
2025-06-09 10:00:41 INFO  TC_AccountRegistraionTest_TC001:57 - Test case TC_AccountRegistraionTest_TC001 completed
2025-06-09 10:00:52 INFO  TC_LoginTest_TC002:22 - ********Starting a test case*********
2025-06-09 10:00:57 INFO  TC_LoginTest_TC002:42 - ********Finished a test case*********
2025-06-09 10:15:51 INFO  TC_AccountRegistraionTest_TC001:17 - Test case TC_AccountRegistraionTest_TC001 starting....
2025-06-09 10:15:51 INFO  TC_AccountRegistraionTest_TC001:20 - MyAccount is clicked.....
2025-06-09 10:15:54 INFO  TC_AccountRegistraionTest_TC001:23 - Register link clicked......
2025-06-09 10:15:54 INFO  TC_AccountRegistraionTest_TC001:25 - Customers details provided........
2025-06-09 10:15:57 INFO  TC_AccountRegistraionTest_TC001:34 - confirm button clicked
2025-06-09 10:15:57 INFO  TC_AccountRegistraionTest_TC001:57 - Test case TC_AccountRegistraionTest_TC001 completed
2025-06-09 10:16:17 INFO  TC_LoginTest_TC002:22 - ********Starting a test case*********
